<?xml version="1.0" encoding="UTF-8"?>
<testsuite name="org.example.AppTest" tests="1" skipped="0" failures="0" errors="0" timestamp="2024-12-02T03:46:11" hostname="PINK-MACHINE" time="0.01">
  <properties/>
  <testcase name="appHasAGreeting()" classname="org.example.AppTest" time="0.01"/>
  <system-out><![CDATA[]]></system-out>
  <system-err><![CDATA[]]></system-err>
</testsuite>
